<?xml version="1.0" encoding="utf-8"?><testsuites><testsuite name="pytest" errors="0" failures="0" skipped="0" tests="65" time="14.020" timestamp="2026-07-08T14:39:08.155074-05:00" hostname="DESKTOP-TITANSTEEL"><testcase classname="tests.test_auth_lockout" name="test_usuario_inexistente_devuelve_credenciales_invalidas" time="0.068" /><testcase classname="tests.test_auth_lockout" name="test_intentos_fallidos_por_debajo_del_umbral_no_bloquean[1]" time="0.455" /><testcase classname="tests.test_auth_lockout" name="test_intentos_fallidos_por_debajo_del_umbral_no_bloquean[4]" time="1.036" /><testcase classname="tests.test_auth_lockout" name="test_quinto_intento_fallido_bloquea_la_cuenta_15_min" time="1.236" /><testcase classname="tests.test_auth_lockout" name="test_cuenta_bloqueada_rechaza_incluso_la_contrasena_correcta" time="0.222" /><testcase classname="tests.test_auth_lockout" name="test_bloqueo_expira_tras_los_15_minutos" time="0.423" /><testcase classname="tests.test_auth_lockout" name="test_login_exitoso_reinicia_contador_y_desbloquea" time="0.424" /><testcase classname="tests.test_decorators" name="test_rol_propietario_accede_a_vista_de_admin" time="0.020" /><testcase classname="tests.test_decorators" name="test_rol_administrativo_accede_a_vista_de_admin" time="0.017" /><testcase classname="tests.test_decorators" name="test_rol_no_permitido_recibe_403" time="0.046" /><testcase classname="tests.test_decorators" name="test_rol_tecnico_accede_a_su_vista" time="0.019" /><testcase classname="tests.test_decorators" name="test_propietario_no_accede_a_vista_exclusiva_de_tecnico" time="0.028" /><testcase classname="tests.test_perfil" name="test_password_actual_incorrecta_no_actualiza" time="0.426" /><testcase classname="tests.test_perfil" name="test_password_nueva_menor_a_8_caracteres_no_actualiza" time="0.422" /><testcase classname="tests.test_perfil" name="test_confirmacion_no_coincide_no_actualiza" time="0.423" /><testcase classname="tests.test_perfil" name="test_cambio_valido_no_devuelve_error" time="0.422" /><testcase classname="tests.test_perfil" name="test_cambio_valido_no_altera_el_hash_por_si_solo" time="0.624" /><testcase classname="tests.test_prediction" name="test_calcular_vencimientos_sin_historial_proyecta_con_intervalo_nominal" time="0.028" /><testcase classname="tests.test_prediction" name="test_calcular_vencimientos_sin_historial_usa_fecha_instalacion_como_base" time="0.024" /><testcase classname="tests.test_prediction" name="test_clasificacion_de_urgencia_en_los_limites_del_umbral[-1-vencido]" time="0.024" /><testcase classname="tests.test_prediction" name="test_clasificacion_de_urgencia_en_los_limites_del_umbral[0-proximo]" time="0.027" /><testcase classname="tests.test_prediction" name="test_clasificacion_de_urgencia_en_los_limites_del_umbral[15-proximo]" time="0.024" /><testcase classname="tests.test_prediction" name="test_clasificacion_de_urgencia_en_los_limites_del_umbral[16-en_plazo]" time="0.024" /><testcase classname="tests.test_prediction" name="test_fecha_ref_futura_cambia_la_clasificacion_a_vencido" time="0.025" /><testcase classname="tests.test_prediction" name="test_intervalo_efectivo_sin_historial_retorna_nominal" time="0.023" /><testcase classname="tests.test_prediction" name="test_intervalo_efectivo_un_solo_reemplazo_no_alcanza_para_historico" time="0.235" /><testcase classname="tests.test_prediction" name="test_intervalo_efectivo_dos_ciclos_dentro_del_50pct_usa_historico" time="0.674" /><testcase classname="tests.test_prediction" name="test_intervalo_efectivo_desviacion_mayor_al_50pct_cae_a_nominal" time="0.637" /><testcase classname="tests.test_prediction" name="test_la_limpieza_no_reinicia_el_reloj_ni_desplaza_la_fecha_proyectada" time="0.435" /><testcase classname="tests.test_prediction" name="test_reemplazo_anulado_o_no_completado_no_cuenta_en_el_historico[kwargs_invalidos0]" time="0.434" /><testcase classname="tests.test_prediction" name="test_reemplazo_anulado_o_no_completado_no_cuenta_en_el_historico[kwargs_invalidos1]" time="0.434" /><testcase classname="tests.test_prediction" name="test_calcular_vencimientos_usa_reactivacion_como_base_si_es_posterior" time="0.028" /><testcase classname="tests.test_prediction" name="test_calcular_proximo_componente_proyecta_desde_la_intervencion" time="0.023" /><testcase classname="tests.test_prediction" name="test_reemplazos_previos_a_la_reactivacion_se_descartan" time="0.433" /><testcase classname="tests.test_prediction_integration" name="test_historial_reemplazos_se_precarga_en_contexto_de_request" time="0.438" /><testcase classname="tests.test_prediction_integration" name="test_historial_reemplazos_map_cachea_por_request" time="0.017" /><testcase classname="tests.test_prediction_integration" name="test_historial_reemplazos_map_fuera_de_request_retorna_none" time="0.000" /><testcase classname="tests.test_prediction_integration" name="test_get_equipos_criticos_excluye_equipos_en_plazo" time="0.033" /><testcase classname="tests.test_prediction_integration" name="test_get_equipos_criticos_filtra_por_zona" time="0.028" /><testcase classname="tests.test_prediction_integration" name="test_get_equipos_criticos_filtra_por_urgencia" time="0.027" /><testcase classname="tests.test_prediction_integration" name="test_get_equipos_criticos_ignora_equipos_inactivos" time="0.026" /><testcase classname="tests.test_prediction_integration" name="test_get_equipos_criticos_with_detail_false_omite_relaciones_pero_mismo_resultado" time="0.026" /><testcase classname="tests.test_prediction_integration" name="test_get_equipos_criticos_cachea_por_request_con_misma_clave" time="0.029" /><testcase classname="tests.test_prediction_integration" name="test_get_resumen_global_cuenta_vencidos_y_proximos" time="0.024" /><testcase classname="tests.test_prediction_integration" name="test_get_resumen_global_usa_cache_entre_llamadas" time="0.028" /><testcase classname="tests.test_prediction_integration" name="test_invalidar_cache_resumen_global_fuerza_recalculo" time="0.027" /><testcase classname="tests.test_user" name="test_set_password_no_guarda_la_contrasena_en_claro" time="0.220" /><testcase classname="tests.test_user" name="test_check_password_devuelve_true_con_la_contrasena_correcta" time="0.422" /><testcase classname="tests.test_user" name="test_check_password_devuelve_false_con_la_contrasena_incorrecta" time="0.423" /><testcase classname="tests.test_user" name="test_set_password_genera_un_hash_bcrypt_con_salt" time="0.630" /><testcase classname="tests.test_usuarios_crud" name="test_nombre_vacio_o_solo_espacios_devuelve_error[]" time="0.016" /><testcase classname="tests.test_usuarios_crud" name="test_nombre_vacio_o_solo_espacios_devuelve_error[   ]" time="0.016" /><testcase classname="tests.test_usuarios_crud" name="test_email_con_formato_invalido_devuelve_error[sinArroba]" time="0.016" /><testcase classname="tests.test_usuarios_crud" name="test_email_con_formato_invalido_devuelve_error[user@dominio]" time="0.016" /><testcase classname="tests.test_usuarios_crud" name="test_email_valido_no_devuelve_error_de_formato" time="0.017" /><testcase classname="tests.test_usuarios_crud" name="test_email_duplicado_en_creacion_devuelve_error" time="0.220" /><testcase classname="tests.test_usuarios_crud" name="test_email_duplicado_excluye_propio_id_en_edicion" time="0.221" /><testcase classname="tests.test_usuarios_crud" name="test_email_de_otro_usuario_en_edicion_devuelve_error" time="0.423" /><testcase classname="tests.test_usuarios_crud" name="test_password_vacia_en_creacion_devuelve_error" time="0.017" /><testcase classname="tests.test_usuarios_crud" name="test_password_vacia_en_edicion_no_devuelve_error" time="0.017" /><testcase classname="tests.test_usuarios_crud" name="test_passwords_distintas_devuelven_error" time="0.020" /><testcase classname="tests.test_usuarios_crud" name="test_passwords_iguales_no_devuelven_error" time="0.017" /><testcase classname="tests.test_usuarios_crud" name="test_propietario_no_puede_eliminarse_a_si_mismo" time="0.220" /><testcase classname="tests.test_usuarios_crud" name="test_propietario_puede_desactivar_otro_usuario" time="0.424" /><testcase classname="tests.test_usuarios_crud" name="test_gestion_de_usuarios_esta_restringida_a_propietario" time="0.000" /></testsuite></testsuites>